       0: 01 06 80 05 00 00 00 00                         ........        
Number of bytes received from socket synchronously: 8
       0: 01 06 00 05 00 00 00 00                         ........        
Number of bytes received from socket synchronously: 4
       0: 00 00 00 01                                     ....            
Number of bytes received from socket synchronously: 312
       0: 2F 73 79 73 2F 64 65 76 69 63 65 73 2F 70 63 69 /sys/devices/pci
      16: 30 30 30 30 3A 30 30 2F 30 30 30 30 3A 30 30 3A 0000:00/0000:00:
      32: 31 64 2E 30 2F 75 73 62 32 2F 32 2D 31 2F 32 2D 1d.0/usb2/2-1/2-
      48: 31 2E 32 00 00 00 00 00 00 00 00 00 00 00 00 00 1.2.............
      64: 00 00 00 00 00 00 00 00 00 00 00 00 00 00 00 00 ................
      80: 00 00 00 00 00 00 00 00 00 00 00 00 00 00 00 00 ................
      96: 00 00 00 00 00 00 00 00 00 00 00 00 00 00 00 00 ................
     112: 00 00 00 00 00 00 00 00 00 00 00 00 00 00 00 00 ................
     128: 00 00 00 00 00 00 00 00 00 00 00 00 00 00 00 00 ................
     144: 00 00 00 00 00 00 00 00 00 00 00 00 00 00 00 00 ................
     160: 00 00 00 00 00 00 00 00 00 00 00 00 00 00 00 00 ................
     176: 00 00 00 00 00 00 00 00 00 00 00 00 00 00 00 00 ................
     192: 00 00 00 00 00 00 00 00 00 00 00 00 00 00 00 00 ................
     208: 00 00 00 00 00 00 00 00 00 00 00 00 00 00 00 00 ................
     224: 00 00 00 00 00 00 00 00 00 00 00 00 00 00 00 00 ................
     240: 00 00 00 00 00 00 00 00 00 00 00 00 00 00 00 00 ................
     256: 32 2D 31 2E 32 00 00 00 00 00 00 00 00 00 00 00 2-1.2...........
     272: 00 00 00 00 00 00 00 00 00 00 00 00 00 00 00 00 ................
     288: 00 00 00 02 00 00 00 03 00 00 00 01 04 61 4D 16 .............aM.
     304: 02 00 00 00 00 01 01 01                         ........        
Number of bytes received from socket synchronously: 4
       0: 03 01 02 00                                     ....            
