C:\DOCUMENTS AND SETTINGS\XP\ANDROID-USB\SOURCE CODE\KatalkPCLinker\KatalkPCLinker\RELEASE\DATASOCKET.OBJ
C:\DOCUMENTS AND SETTINGS\XP\ANDROID-USB\SOURCE CODE\KatalkPCLinker\KatalkPCLinker\RELEASE\KatalkPCLinker.EXE.INTERMEDIATE.MANIFEST
C:\DOCUMENTS AND SETTINGS\XP\ANDROID-USB\SOURCE CODE\KatalkPCLinker\KatalkPCLinker\RELEASE\KatalkPCLinker.OBJ
C:\DOCUMENTS AND SETTINGS\XP\ANDROID-USB\SOURCE CODE\KatalkPCLinker\KatalkPCLinker\RELEASE\KatalkPCLinker.PCH
C:\DOCUMENTS AND SETTINGS\XP\ANDROID-USB\SOURCE CODE\KatalkPCLinker\KatalkPCLinker\RELEASE\KatalkPCLinker.RES
C:\DOCUMENTS AND SETTINGS\XP\ANDROID-USB\SOURCE CODE\KatalkPCLinker\KatalkPCLinker\RELEASE\KatalkPCLinkerDLG.OBJ
C:\DOCUMENTS AND SETTINGS\XP\ANDROID-USB\SOURCE CODE\KatalkPCLinker\KatalkPCLinker\RELEASE\STDAFX.OBJ
C:\DOCUMENTS AND SETTINGS\XP\ANDROID-USB\SOURCE CODE\KatalkPCLinker\KatalkPCLinker\RELEASE\VC100.PDB
C:\DOCUMENTS AND SETTINGS\XP\ANDROID-USB\SOURCE CODE\KatalkPCLinker\RELEASE\KatalkPCLinker.EXE
C:\DOCUMENTS AND SETTINGS\XP\ANDROID-USB\SOURCE CODE\KatalkPCLinker\RELEASE\KatalkPCLinker.PDB
C:\Users\windows7\Android-USB\source code\KatalkPCLinker\KatalkPCLinker\Release\cl.command.1.tlog
C:\Users\windows7\Android-USB\source code\KatalkPCLinker\KatalkPCLinker\Release\CL.read.1.tlog
C:\Users\windows7\Android-USB\source code\KatalkPCLinker\KatalkPCLinker\Release\CL.write.1.tlog
C:\USERS\WINDOWS7\ANDROID-USB\SOURCE CODE\KatalkPCLinker\KatalkPCLinker\RELEASE\DATASOCKET.OBJ
C:\USERS\WINDOWS7\ANDROID-USB\SOURCE CODE\KatalkPCLinker\KatalkPCLinker\RELEASE\KatalkPCLinker.EXE.INTERMEDIATE.MANIFEST
C:\USERS\WINDOWS7\ANDROID-USB\SOURCE CODE\KatalkPCLinker\KatalkPCLinker\RELEASE\KatalkPCLinker.OBJ
C:\USERS\WINDOWS7\ANDROID-USB\SOURCE CODE\KatalkPCLinker\KatalkPCLinker\RELEASE\KatalkPCLinker.PCH
C:\USERS\WINDOWS7\ANDROID-USB\SOURCE CODE\KatalkPCLinker\KatalkPCLinker\RELEASE\KatalkPCLinker.RES
C:\USERS\WINDOWS7\ANDROID-USB\SOURCE CODE\KatalkPCLinker\KatalkPCLinker\RELEASE\KatalkPCLinkerDLG.OBJ
C:\Users\windows7\Android-USB\source code\KatalkPCLinker\KatalkPCLinker\Release\link.command.1.tlog
C:\Users\windows7\Android-USB\source code\KatalkPCLinker\KatalkPCLinker\Release\link.read.1.tlog
C:\Users\windows7\Android-USB\source code\KatalkPCLinker\KatalkPCLinker\Release\link.write.1.tlog
C:\Users\windows7\Android-USB\source code\KatalkPCLinker\KatalkPCLinker\Release\link-cvtres.read.1.tlog
C:\Users\windows7\Android-USB\source code\KatalkPCLinker\KatalkPCLinker\Release\link-cvtres.write.1.tlog
C:\Users\windows7\Android-USB\source code\KatalkPCLinker\KatalkPCLinker\Release\mt.command.1.tlog
C:\Users\windows7\Android-USB\source code\KatalkPCLinker\KatalkPCLinker\Release\mt.read.1.tlog
C:\Users\windows7\Android-USB\source code\KatalkPCLinker\KatalkPCLinker\Release\mt.write.1.tlog
C:\Users\windows7\Android-USB\source code\KatalkPCLinker\KatalkPCLinker\Release\rc.command.1.tlog
C:\Users\windows7\Android-USB\source code\KatalkPCLinker\KatalkPCLinker\Release\rc.read.1.tlog
C:\Users\windows7\Android-USB\source code\KatalkPCLinker\KatalkPCLinker\Release\rc.write.1.tlog
C:\USERS\WINDOWS7\ANDROID-USB\SOURCE CODE\KatalkPCLinker\KatalkPCLinker\RELEASE\STDAFX.OBJ
C:\USERS\WINDOWS7\ANDROID-USB\SOURCE CODE\KatalkPCLinker\KatalkPCLinker\RELEASE\VC100.PDB
C:\USERS\WINDOWS7\ANDROID-USB\SOURCE CODE\KatalkPCLinker\RELEASE\KatalkPCLinker.EXE
C:\USERS\WINDOWS7\ANDROID-USB\SOURCE CODE\KatalkPCLinker\RELEASE\KatalkPCLinker.PDB
