C:\Documents and Settings\XP\android-usb\source code\KeyboardForAndroidMsg\KeyboardForAndroidMsg\Release\cl.command.1.tlog
C:\Documents and Settings\XP\android-usb\source code\KeyboardForAndroidMsg\KeyboardForAndroidMsg\Release\CL.read.1.tlog
C:\Documents and Settings\XP\android-usb\source code\KeyboardForAndroidMsg\KeyboardForAndroidMsg\Release\CL.write.1.tlog
C:\DOCUMENTS AND SETTINGS\XP\ANDROID-USB\SOURCE CODE\KEYBOARDFORANDROIDMSG\KEYBOARDFORANDROIDMSG\RELEASE\DATASOCKET.OBJ
C:\DOCUMENTS AND SETTINGS\XP\ANDROID-USB\SOURCE CODE\KEYBOARDFORANDROIDMSG\KEYBOARDFORANDROIDMSG\RELEASE\KEYBOARDFORANDROIDMSG.EXE.INTERMEDIATE.MANIFEST
C:\DOCUMENTS AND SETTINGS\XP\ANDROID-USB\SOURCE CODE\KEYBOARDFORANDROIDMSG\KEYBOARDFORANDROIDMSG\RELEASE\KEYBOARDFORANDROIDMSG.OBJ
C:\DOCUMENTS AND SETTINGS\XP\ANDROID-USB\SOURCE CODE\KEYBOARDFORANDROIDMSG\KEYBOARDFORANDROIDMSG\RELEASE\KEYBOARDFORANDROIDMSG.PCH
C:\DOCUMENTS AND SETTINGS\XP\ANDROID-USB\SOURCE CODE\KEYBOARDFORANDROIDMSG\KEYBOARDFORANDROIDMSG\RELEASE\KEYBOARDFORANDROIDMSG.RES
C:\DOCUMENTS AND SETTINGS\XP\ANDROID-USB\SOURCE CODE\KEYBOARDFORANDROIDMSG\KEYBOARDFORANDROIDMSG\RELEASE\KEYBOARDFORANDROIDMSGDLG.OBJ
C:\Documents and Settings\XP\android-usb\source code\KeyboardForAndroidMsg\KeyboardForAndroidMsg\Release\link.command.1.tlog
C:\Documents and Settings\XP\android-usb\source code\KeyboardForAndroidMsg\KeyboardForAndroidMsg\Release\link.read.1.tlog
C:\Documents and Settings\XP\android-usb\source code\KeyboardForAndroidMsg\KeyboardForAndroidMsg\Release\link.write.1.tlog
C:\Documents and Settings\XP\android-usb\source code\KeyboardForAndroidMsg\KeyboardForAndroidMsg\Release\link-cvtres.read.1.tlog
C:\Documents and Settings\XP\android-usb\source code\KeyboardForAndroidMsg\KeyboardForAndroidMsg\Release\link-cvtres.write.1.tlog
C:\Documents and Settings\XP\android-usb\source code\KeyboardForAndroidMsg\KeyboardForAndroidMsg\Release\mt.command.1.tlog
C:\Documents and Settings\XP\android-usb\source code\KeyboardForAndroidMsg\KeyboardForAndroidMsg\Release\mt.read.1.tlog
C:\Documents and Settings\XP\android-usb\source code\KeyboardForAndroidMsg\KeyboardForAndroidMsg\Release\mt.write.1.tlog
C:\Documents and Settings\XP\android-usb\source code\KeyboardForAndroidMsg\KeyboardForAndroidMsg\Release\rc.command.1.tlog
C:\Documents and Settings\XP\android-usb\source code\KeyboardForAndroidMsg\KeyboardForAndroidMsg\Release\rc.read.1.tlog
C:\Documents and Settings\XP\android-usb\source code\KeyboardForAndroidMsg\KeyboardForAndroidMsg\Release\rc.write.1.tlog
C:\DOCUMENTS AND SETTINGS\XP\ANDROID-USB\SOURCE CODE\KEYBOARDFORANDROIDMSG\KEYBOARDFORANDROIDMSG\RELEASE\STDAFX.OBJ
C:\DOCUMENTS AND SETTINGS\XP\ANDROID-USB\SOURCE CODE\KEYBOARDFORANDROIDMSG\KEYBOARDFORANDROIDMSG\RELEASE\VC100.PDB
C:\DOCUMENTS AND SETTINGS\XP\ANDROID-USB\SOURCE CODE\KEYBOARDFORANDROIDMSG\RELEASE\KEYBOARDFORANDROIDMSG.EXE
C:\DOCUMENTS AND SETTINGS\XP\ANDROID-USB\SOURCE CODE\KEYBOARDFORANDROIDMSG\RELEASE\KEYBOARDFORANDROIDMSG.PDB
