빌드 시작: 2012-05-05 오후 1:41:48
     1>2 노드의 "C:\Users\windows7\Android-USB\source code\KeyboardForAndroidMsg\KeyboardForAndroidMsg\KeyboardForAndroidMsg.vcxproj" 프로젝트(build 대상)입니다.
     1>InitializeBuildStatus:
         "AlwaysCreate"이(가) 지정되었기 때문에 "Release\KeyboardForAndroidMsg.unsuccessfulbuild"을(를) 만들고 있습니다.
       ClCompile:
         모든 출력이 최신 상태입니다.
         C:\Program Files (x86)\Microsoft Visual Studio 10.0\VC\bin\CL.exe /c /Zi /nologo /W3 /WX- /O2 /Oi /Oy- /GL /D WIN32 /D _WINDOWS /D NDEBUG /D _MBCS /D _AFXDLL /Gm- /EHsc /MD /GS /Gy /fp:precise /Zc:wchar_t /Zc:forScope /Yu"StdAfx.h" /Fp"Release\KeyboardForAndroidMsg.pch" /Fo"Release\\" /Fd"Release\vc100.pdb" /Gd /TP /analyze- /errorReport:prompt KeyboardForAndroidMsgDlg.cpp
         KeyboardForAndroidMsgDlg.cpp
       ResourceCompile:
         모든 출력이 최신 상태입니다.
       Link:
         C:\Program Files (x86)\Microsoft Visual Studio 10.0\VC\bin\link.exe /ERRORREPORT:PROMPT /OUT:"C:\Users\windows7\Android-USB\source code\KeyboardForAndroidMsg\Release\KeyboardForAndroidMsg.exe" /INCREMENTAL:NO /NOLOGO /MANIFEST /ManifestFile:"Release\KeyboardForAndroidMsg.exe.intermediate.manifest" /MANIFESTUAC:"level='asInvoker' uiAccess='false'" /DEBUG /PDB:"C:\Users\windows7\Android-USB\source code\KeyboardForAndroidMsg\Release\KeyboardForAndroidMsg.pdb" /SUBSYSTEM:WINDOWS /OPT:REF /OPT:ICF /LTCG /TLBID:1 /DYNAMICBASE /NXCOMPAT /IMPLIB:"C:\Users\windows7\Android-USB\source code\KeyboardForAndroidMsg\Release\KeyboardForAndroidMsg.lib" /MACHINE:X86 Release\KeyboardForAndroidMsg.res
         Release\DataSocket.obj
         Release\KeyboardForAndroidMsg.obj
         Release\KeyboardForAndroidMsgDlg.obj
         Release\stdafx.obj
         코드를 생성하고 있습니다.
         코드를 생성했습니다.
         KeyboardForAndroidMsg.vcxproj -> C:\Users\windows7\Android-USB\source code\KeyboardForAndroidMsg\Release\KeyboardForAndroidMsg.exe
       Manifest:
         C:\Program Files (x86)\Microsoft SDKs\Windows\v7.0A\bin\mt.exe /nologo /verbose /outputresource:"C:\Users\windows7\Android-USB\source code\KeyboardForAndroidMsg\Release\KeyboardForAndroidMsg.exe;#1" /manifest Release\KeyboardForAndroidMsg.exe.intermediate.manifest "C:\Program Files (x86)\Microsoft Visual Studio 10.0\VC\Include\Manifest\dpiaware.manifest"
       FinalizeBuildStatus:
         "Release\KeyboardForAndroidMsg.unsuccessfulbuild" 파일을 삭제하고 있습니다.
         "Release\KeyboardForAndroidMsg.lastbuildstate"에 연결(touching)하고 있습니다.
     1>"C:\Users\windows7\Android-USB\source code\KeyboardForAndroidMsg\KeyboardForAndroidMsg\KeyboardForAndroidMsg.vcxproj" 프로젝트를 빌드했습니다(build 대상).

빌드했습니다.

경과 시간: 00:00:01.40
