빌드 시작: 2012-04-15 오후 5:09:23
     1>2 노드의 "C:\Users\windows7\Android-USB\source code\TCPClient\TCPClient\TCPClient.vcxproj" 프로젝트(build 대상)입니다.
     1>InitializeBuildStatus:
         "Debug\TCPClient.unsuccessfulbuild"에 연결(touching)하고 있습니다.
       ClCompile:
         모든 출력이 최신 상태입니다.
         C:\Program Files (x86)\Microsoft Visual Studio 10.0\VC\bin\CL.exe /c /ZI /nologo /W3 /WX- /Od /Oy- /D WIN32 /D _WINDOWS /D _DEBUG /D _MBCS /D _AFXDLL /Gm /EHsc /RTC1 /MDd /GS /fp:precise /Zc:wchar_t /Zc:forScope /Yu"StdAfx.h" /Fp"Debug\TCPClient.pch" /Fo"Debug\\" /Fd"Debug\vc100.pdb" /Gd /TP /analyze- /errorReport:prompt TCPClientDlg.cpp
         TCPClientDlg.cpp
       ResourceCompile:
         모든 출력이 최신 상태입니다.
         C:\Program Files (x86)\Microsoft SDKs\Windows\v7.0A\bin\rc.exe /D _DEBUG /D _AFXDLL /l"0x0412" /IDebug\ /nologo /fo"Debug\TCPClient.res" TCPClient.rc 
       ManifestResourceCompile:
         모든 출력이 최신 상태입니다.
       Link:
         C:\Program Files (x86)\Microsoft Visual Studio 10.0\VC\bin\link.exe /ERRORREPORT:PROMPT /OUT:"C:\Users\windows7\Android-USB\source code\TCPClient\Debug\TCPClient.exe" /INCREMENTAL /NOLOGO /MANIFEST /ManifestFile:"Debug\TCPClient.exe.intermediate.manifest" /MANIFESTUAC:"level='asInvoker' uiAccess='false'" /DEBUG /PDB:"C:\Users\windows7\Android-USB\source code\TCPClient\Debug\TCPClient.pdb" /SUBSYSTEM:WINDOWS /TLBID:1 /DYNAMICBASE /NXCOMPAT /IMPLIB:"C:\Users\windows7\Android-USB\source code\TCPClient\Debug\TCPClient.lib" /MACHINE:X86 Debug\TCPClient.res
         Debug\TCPClient.exe.embed.manifest.res
         Debug\DataSocket.obj
         Debug\stdafx.obj
         Debug\TCPClient.obj
         Debug\TCPClientDlg.obj
       Manifest:
         C:\Program Files (x86)\Microsoft SDKs\Windows\v7.0A\bin\mt.exe /nologo /verbose /out:"Debug\TCPClient.exe.embed.manifest" /manifest Debug\TCPClient.exe.intermediate.manifest "C:\Program Files (x86)\Microsoft Visual Studio 10.0\VC\Include\Manifest\dpiaware.manifest"
         C:\Program Files (x86)\Microsoft SDKs\Windows\v7.0A\bin\rc.exe /nologo /fo"Debug\TCPClient.exe.embed.manifest.res" Debug\TCPClient_manifest.rc 
       LinkEmbedManifest:
         C:\Program Files (x86)\Microsoft Visual Studio 10.0\VC\bin\link.exe /ERRORREPORT:PROMPT /OUT:"C:\Users\windows7\Android-USB\source code\TCPClient\Debug\TCPClient.exe" /INCREMENTAL /NOLOGO /MANIFEST /ManifestFile:"Debug\TCPClient.exe.intermediate.manifest" /MANIFESTUAC:"level='asInvoker' uiAccess='false'" /DEBUG /PDB:"C:\Users\windows7\Android-USB\source code\TCPClient\Debug\TCPClient.pdb" /SUBSYSTEM:WINDOWS /TLBID:1 /DYNAMICBASE /NXCOMPAT /IMPLIB:"C:\Users\windows7\Android-USB\source code\TCPClient\Debug\TCPClient.lib" /MACHINE:X86 Debug\TCPClient.res
         Debug\TCPClient.exe.embed.manifest.res
         Debug\DataSocket.obj
         Debug\stdafx.obj
         Debug\TCPClient.obj
         Debug\TCPClientDlg.obj
         TCPClient.vcxproj -> C:\Users\windows7\Android-USB\source code\TCPClient\Debug\TCPClient.exe
       FinalizeBuildStatus:
         "Debug\TCPClient.unsuccessfulbuild" 파일을 삭제하고 있습니다.
         "Debug\TCPClient.lastbuildstate"에 연결(touching)하고 있습니다.
     1>"C:\Users\windows7\Android-USB\source code\TCPClient\TCPClient\TCPClient.vcxproj" 프로젝트를 빌드했습니다(build 대상).

빌드했습니다.

경과 시간: 00:00:01.42
