빌드 시작: 2012-04-18 오후 12:28:40
     1>2 노드의 "C:\Users\windows7\Android-USB\source code\TCPServer\TCPServer\TCPServer.vcxproj" 프로젝트(build 대상)입니다.
     1>InitializeBuildStatus:
         "AlwaysCreate"이(가) 지정되었기 때문에 "Debug\TCPServer.unsuccessfulbuild"을(를) 만들고 있습니다.
       ClCompile:
         모든 출력이 최신 상태입니다.
         C:\Program Files (x86)\Microsoft Visual Studio 10.0\VC\bin\CL.exe /c /I"C:\Users\windows7\Android-USB\source code\TCPServer\TCPServer\S_Cximage" /ZI /nologo /W3 /WX- /Od /Oy- /D WIN32 /D _WINDOWS /D _DEBUG /D _MBCS /D _AFXDLL /Gm /EHsc /RTC1 /MDd /GS /fp:precise /Zc:wchar_t /Zc:forScope /Yu"StdAfx.h" /Fp"Debug\TCPServer.pch" /Fo"Debug\\" /Fd"Debug\vc100.pdb" /Gd /TP /analyze- /errorReport:prompt TCPServerDlg.cpp
         TCPServerDlg.cpp
       ResourceCompile:
         모든 출력이 최신 상태입니다.
       ManifestResourceCompile:
         모든 출력이 최신 상태입니다.
       Link:
         C:\Program Files (x86)\Microsoft Visual Studio 10.0\VC\bin\link.exe /ERRORREPORT:PROMPT /OUT:"C:\Users\windows7\Android-USB\source code\TCPServer\Debug\TCPServer.exe" /INCREMENTAL /NOLOGO /LIBPATH:"C:\Users\windows7\Android-USB\source code\TCPServer\TCPServer\S_Cximage" /MANIFEST /ManifestFile:"Debug\TCPServer.exe.intermediate.manifest" /MANIFESTUAC:"level='asInvoker' uiAccess='false'" /DEBUG /PDB:"C:\Users\windows7\Android-USB\source code\TCPServer\Debug\TCPServer.pdb" /SUBSYSTEM:WINDOWS /TLBID:1 /DYNAMICBASE /NXCOMPAT /IMPLIB:"C:\Users\windows7\Android-USB\source code\TCPServer\Debug\TCPServer.lib" /MACHINE:X86 Debug\TCPServer.res
         Debug\TCPServer.exe.embed.manifest.res
         Debug\DataSocket.obj
         Debug\ListenSocket.obj
         Debug\stdafx.obj
         Debug\TCPServer.obj
         Debug\TCPServerDlg.obj
       Manifest:
         C:\Program Files (x86)\Microsoft SDKs\Windows\v7.0A\bin\mt.exe /nologo /verbose /out:"Debug\TCPServer.exe.embed.manifest" /manifest Debug\TCPServer.exe.intermediate.manifest "C:\Program Files (x86)\Microsoft Visual Studio 10.0\VC\Include\Manifest\dpiaware.manifest"
         모든 출력이 최신 상태입니다.
       LinkEmbedManifest:
         모든 출력이 최신 상태입니다.
         TCPServer.vcxproj -> C:\Users\windows7\Android-USB\source code\TCPServer\Debug\TCPServer.exe
       FinalizeBuildStatus:
         "Debug\TCPServer.unsuccessfulbuild" 파일을 삭제하고 있습니다.
         "Debug\TCPServer.lastbuildstate"에 연결(touching)하고 있습니다.
     1>"C:\Users\windows7\Android-USB\source code\TCPServer\TCPServer\TCPServer.vcxproj" 프로젝트를 빌드했습니다(build 대상).

빌드했습니다.

경과 시간: 00:00:01.20
