C:\Users\windows7\Android-USB\source code\TCPServer\Debug\TCPServer.pdb
C:\Users\windows7\Android-USB\source code\TCPServer\TCPServer\Debug\cl.command.1.tlog
C:\Users\windows7\Android-USB\source code\TCPServer\TCPServer\Debug\CL.read.1.tlog
C:\Users\windows7\Android-USB\source code\TCPServer\TCPServer\Debug\CL.write.1.tlog
C:\USERS\WINDOWS7\ANDROID-USB\SOURCE CODE\TCPSERVER\TCPSERVER\DEBUG\DATASOCKET.OBJ
C:\Users\windows7\Android-USB\source code\TCPServer\TCPServer\Debug\link.1548.read.1.tlog
C:\Users\windows7\Android-USB\source code\TCPServer\TCPServer\Debug\link.1548.write.1.tlog
C:\Users\windows7\Android-USB\source code\TCPServer\TCPServer\Debug\link.1548-cvtres.read.1.tlog
C:\Users\windows7\Android-USB\source code\TCPServer\TCPServer\Debug\link.1548-cvtres.write.1.tlog
C:\Users\windows7\Android-USB\source code\TCPServer\TCPServer\Debug\link.command.1.tlog
C:\Users\windows7\Android-USB\source code\TCPServer\TCPServer\Debug\link.read.1.tlog
C:\Users\windows7\Android-USB\source code\TCPServer\TCPServer\Debug\link.write.1.tlog
C:\Users\windows7\Android-USB\source code\TCPServer\TCPServer\Debug\link-cvtres.read.1.tlog
C:\Users\windows7\Android-USB\source code\TCPServer\TCPServer\Debug\link-cvtres.write.1.tlog
C:\USERS\WINDOWS7\ANDROID-USB\SOURCE CODE\TCPSERVER\TCPSERVER\DEBUG\LISTENSOCKET.OBJ
C:\Users\windows7\Android-USB\source code\TCPServer\TCPServer\Debug\mt.command.1.tlog
C:\Users\windows7\Android-USB\source code\TCPServer\TCPServer\Debug\mt.read.1.tlog
C:\Users\windows7\Android-USB\source code\TCPServer\TCPServer\Debug\mt.write.1.tlog
C:\Users\windows7\Android-USB\source code\TCPServer\TCPServer\Debug\rc.command.1.tlog
C:\Users\windows7\Android-USB\source code\TCPServer\TCPServer\Debug\rc.read.1.tlog
C:\Users\windows7\Android-USB\source code\TCPServer\TCPServer\Debug\rc.write.1.tlog
C:\USERS\WINDOWS7\ANDROID-USB\SOURCE CODE\TCPSERVER\TCPSERVER\DEBUG\STDAFX.OBJ
C:\USERS\WINDOWS7\ANDROID-USB\SOURCE CODE\TCPSERVER\TCPSERVER\DEBUG\TCPSERVER.EXE.EMBED.MANIFEST
C:\USERS\WINDOWS7\ANDROID-USB\SOURCE CODE\TCPSERVER\TCPSERVER\DEBUG\TCPSERVER.EXE.EMBED.MANIFEST.RES
C:\Users\windows7\Android-USB\source code\TCPServer\TCPServer\Debug\TCPServer.exe.intermediate.manifest
C:\USERS\WINDOWS7\ANDROID-USB\SOURCE CODE\TCPSERVER\TCPSERVER\DEBUG\TCPSERVER.OBJ
C:\USERS\WINDOWS7\ANDROID-USB\SOURCE CODE\TCPSERVER\TCPSERVER\DEBUG\TCPSERVER.PCH
C:\USERS\WINDOWS7\ANDROID-USB\SOURCE CODE\TCPSERVER\TCPSERVER\DEBUG\TCPSERVER.RES
C:\Users\windows7\Android-USB\source code\TCPServer\TCPServer\Debug\TCPServer_manifest.rc
C:\USERS\WINDOWS7\ANDROID-USB\SOURCE CODE\TCPSERVER\TCPSERVER\DEBUG\TCPSERVERDLG.OBJ
C:\Users\windows7\Android-USB\source code\TCPServer\TCPServer\Debug\vc100.idb
C:\USERS\WINDOWS7\ANDROID-USB\SOURCE CODE\TCPSERVER\TCPSERVER\DEBUG\VC100.PDB
