C:\설계\소스\CHATSERVER\CHATSERVER\CHATSERVER\DEBUG\CHATSERVER.EXE.EMBED.MANIFEST
C:\설계\소스\CHATSERVER\CHATSERVER\CHATSERVER\DEBUG\CHATSERVER.EXE.EMBED.MANIFEST.RES
C:\설계\소스\CHATSERVER\CHATSERVER\CHATSERVER\DEBUG\CHATSERVER.EXE.INTERMEDIATE.MANIFEST
C:\설계\소스\CHATSERVER\CHATSERVER\CHATSERVER\DEBUG\CHATSERVER.OBJ
C:\설계\소스\CHATSERVER\CHATSERVER\CHATSERVER\DEBUG\CHATSERVER.PCH
C:\설계\소스\CHATSERVER\CHATSERVER\CHATSERVER\DEBUG\CHATSERVER.RES
C:\설계\소스\ChatServer\ChatServer\ChatServer\Debug\ChatServer_manifest.rc
C:\설계\소스\CHATSERVER\CHATSERVER\CHATSERVER\DEBUG\CHATSERVERDLG.OBJ
C:\설계\소스\ChatServer\ChatServer\ChatServer\Debug\cl.command.1.tlog
C:\설계\소스\ChatServer\ChatServer\ChatServer\Debug\CL.read.1.tlog
C:\설계\소스\ChatServer\ChatServer\ChatServer\Debug\CL.write.1.tlog
C:\설계\소스\CHATSERVER\CHATSERVER\CHATSERVER\DEBUG\CLIENTSOCKET.OBJ
C:\설계\소스\ChatServer\ChatServer\ChatServer\Debug\link.3696.read.1.tlog
C:\설계\소스\ChatServer\ChatServer\ChatServer\Debug\link.3696.write.1.tlog
C:\설계\소스\ChatServer\ChatServer\ChatServer\Debug\link.3696-cvtres.read.1.tlog
C:\설계\소스\ChatServer\ChatServer\ChatServer\Debug\link.3696-cvtres.write.1.tlog
C:\설계\소스\ChatServer\ChatServer\ChatServer\Debug\link.command.1.tlog
C:\설계\소스\ChatServer\ChatServer\ChatServer\Debug\link.read.1.tlog
C:\설계\소스\ChatServer\ChatServer\ChatServer\Debug\link.write.1.tlog
C:\설계\소스\ChatServer\ChatServer\ChatServer\Debug\link-cvtres.read.1.tlog
C:\설계\소스\ChatServer\ChatServer\ChatServer\Debug\link-cvtres.write.1.tlog
C:\설계\소스\CHATSERVER\CHATSERVER\CHATSERVER\DEBUG\LISTENSOCKET.OBJ
C:\설계\소스\ChatServer\ChatServer\ChatServer\Debug\mt.command.1.tlog
C:\설계\소스\ChatServer\ChatServer\ChatServer\Debug\mt.read.1.tlog
C:\설계\소스\ChatServer\ChatServer\ChatServer\Debug\mt.write.1.tlog
C:\설계\소스\ChatServer\ChatServer\ChatServer\Debug\rc.command.1.tlog
C:\설계\소스\ChatServer\ChatServer\ChatServer\Debug\rc.read.1.tlog
C:\설계\소스\ChatServer\ChatServer\ChatServer\Debug\rc.write.1.tlog
C:\설계\소스\CHATSERVER\CHATSERVER\CHATSERVER\DEBUG\STDAFX.OBJ
C:\설계\소스\ChatServer\ChatServer\ChatServer\Debug\vc100.idb
C:\설계\소스\CHATSERVER\CHATSERVER\CHATSERVER\DEBUG\VC100.PDB
C:\설계\소스\ChatServer\ChatServer\ChatServer\Debug\vc90.idb
C:\설계\소스\ChatServer\ChatServer\ChatServer\Debug\vc90.pdb
C:\설계\소스\CHATSERVER\CHATSERVER\DEBUG\CHATSERVER.EXE
C:\설계\소스\CHATSERVER\CHATSERVER\DEBUG\CHATSERVER.ILK
C:\설계\소스\CHATSERVER\CHATSERVER\DEBUG\CHATSERVER.PDB
