This file contains any messages produced by compilers while
running configure, to aid debugging if configure makes a mistake.

It was created by usbip configure 0.1.8, which was
generated by GNU Autoconf 2.68.  Invocation command line was

  $ ./configure 

## --------- ##
## Platform. ##
## --------- ##

hostname = ubuntu
uname -m = x86_64
uname -r = 3.2.0-24-generic
uname -s = Linux
uname -v = #37-Ubuntu SMP Wed Apr 25 08:43:22 UTC 2012

/usr/bin/uname -p = unknown
/bin/uname -X     = unknown

/bin/arch              = unknown
/usr/bin/arch -k       = unknown
/usr/convex/getsysinfo = unknown
/usr/bin/hostinfo      = unknown
/bin/machine           = unknown
/usr/bin/oslevel       = unknown
/bin/universe          = unknown

PATH: /usr/local/sbin
PATH: /usr/local/bin
PATH: /usr/sbin
PATH: /usr/bin
PATH: /sbin
PATH: /bin


## ----------- ##
## Core tests. ##
## ----------- ##

configure:2312: checking for a BSD-compatible install
configure:2380: result: /usr/bin/install -c
configure:2391: checking whether build environment is sane
configure:2441: result: yes
configure:2582: checking for a thread-safe mkdir -p
configure:2621: result: /bin/mkdir -p
configure:2634: checking for gawk
configure:2664: result: no
configure:2634: checking for mawk
configure:2650: found /usr/bin/mawk
configure:2661: result: mawk
configure:2672: checking whether make sets $(MAKE)
configure:2694: result: yes
configure:2810: checking build system type
configure:2824: result: x86_64-unknown-linux-gnu
configure:2844: checking host system type
configure:2857: result: x86_64-unknown-linux-gnu
configure:2898: checking how to print strings
configure:2925: result: printf
configure:2958: checking for style of include used by make
configure:2986: result: GNU
configure:3057: checking for gcc
configure:3073: found /usr/bin/gcc
configure:3084: result: gcc
configure:3313: checking for C compiler version
configure:3322: gcc --version >&5
gcc (Ubuntu/Linaro 4.6.3-1ubuntu5) 4.6.3
Copyright (C) 2011 Free Software Foundation, Inc.
This is free software; see the source for copying conditions.  There is NO
warranty; not even for MERCHANTABILITY or FITNESS FOR A PARTICULAR PURPOSE.

configure:3333: $? = 0
configure:3322: gcc -v >&5
Using built-in specs.
COLLECT_GCC=gcc
COLLECT_LTO_WRAPPER=/usr/lib/gcc/x86_64-linux-gnu/4.6/lto-wrapper
Target: x86_64-linux-gnu
Configured with: ../src/configure -v --with-pkgversion='Ubuntu/Linaro 4.6.3-1ubuntu5' --with-bugurl=file:///usr/share/doc/gcc-4.6/README.Bugs --enable-languages=c,c++,fortran,objc,obj-c++ --prefix=/usr --program-suffix=-4.6 --enable-shared --enable-linker-build-id --with-system-zlib --libexecdir=/usr/lib --without-included-gettext --enable-threads=posix --with-gxx-include-dir=/usr/include/c++/4.6 --libdir=/usr/lib --enable-nls --with-sysroot=/ --enable-clocale=gnu --enable-libstdcxx-debug --enable-libstdcxx-time=yes --enable-gnu-unique-object --enable-plugin --enable-objc-gc --disable-werror --with-arch-32=i686 --with-tune=generic --enable-checking=release --build=x86_64-linux-gnu --host=x86_64-linux-gnu --target=x86_64-linux-gnu
Thread model: posix
gcc version 4.6.3 (Ubuntu/Linaro 4.6.3-1ubuntu5) 
configure:3333: $? = 0
configure:3322: gcc -V >&5
gcc: error: unrecognized option '-V'
gcc: fatal error: no input files
compilation terminated.
configure:3333: $? = 4
configure:3322: gcc -qversion >&5
gcc: error: unrecognized option '-qversion'
gcc: fatal error: no input files
compilation terminated.
configure:3333: $? = 4
configure:3353: checking whether the C compiler works
configure:3375: gcc    conftest.c  >&5
configure:3379: $? = 0
configure:3427: result: yes
configure:3430: checking for C compiler default output file name
configure:3432: result: a.out
configure:3438: checking for suffix of executables
configure:3445: gcc -o conftest    conftest.c  >&5
configure:3449: $? = 0
configure:3471: result: 
configure:3493: checking whether we are cross compiling
configure:3501: gcc -o conftest    conftest.c  >&5
configure:3505: $? = 0
configure:3512: ./conftest
configure:3516: $? = 0
configure:3531: result: no
configure:3536: checking for suffix of object files
configure:3558: gcc -c   conftest.c >&5
configure:3562: $? = 0
configure:3583: result: o
configure:3587: checking whether we are using the GNU C compiler
configure:3606: gcc -c   conftest.c >&5
configure:3606: $? = 0
configure:3615: result: yes
configure:3624: checking whether gcc accepts -g
configure:3644: gcc -c -g  conftest.c >&5
configure:3644: $? = 0
configure:3685: result: yes
configure:3702: checking for gcc option to accept ISO C89
configure:3766: gcc  -c -g -O2  conftest.c >&5
configure:3766: $? = 0
configure:3779: result: none needed
configure:3801: checking dependency style of gcc
configure:3912: result: gcc3
configure:3927: checking for a sed that does not truncate output
configure:3991: result: /bin/sed
configure:4009: checking for grep that handles long lines and -e
configure:4067: result: /bin/grep
configure:4072: checking for egrep
configure:4134: result: /bin/grep -E
configure:4139: checking for fgrep
configure:4201: result: /bin/grep -F
configure:4236: checking for ld used by gcc
configure:4303: result: /usr/bin/ld
configure:4310: checking if the linker (/usr/bin/ld) is GNU ld
configure:4325: result: yes
configure:4337: checking for BSD- or MS-compatible name lister (nm)
configure:4386: result: /usr/bin/nm -B
configure:4516: checking the name lister (/usr/bin/nm -B) interface
configure:4523: gcc -c -g -O2  conftest.c >&5
configure:4526: /usr/bin/nm -B "conftest.o"
configure:4529: output
0000000000000000 B some_variable
configure:4536: result: BSD nm
configure:4539: checking whether ln -s works
configure:4543: result: yes
configure:4551: checking the maximum length of command line arguments
configure:4681: result: 1572864
configure:4698: checking whether the shell understands some XSI constructs
configure:4708: result: yes
configure:4712: checking whether the shell understands "+="
configure:4718: result: yes
configure:4753: checking how to convert x86_64-unknown-linux-gnu file names to x86_64-unknown-linux-gnu format
configure:4793: result: func_convert_file_noop
configure:4800: checking how to convert x86_64-unknown-linux-gnu file names to toolchain format
configure:4820: result: func_convert_file_noop
configure:4827: checking for /usr/bin/ld option to reload object files
configure:4834: result: -r
configure:4908: checking for objdump
configure:4924: found /usr/bin/objdump
configure:4935: result: objdump
configure:4967: checking how to recognize dependent libraries
configure:5169: result: pass_all
configure:5254: checking for dlltool
configure:5284: result: no
configure:5314: checking how to associate runtime and link libraries
configure:5341: result: printf %s\n
configure:5402: checking for ar
configure:5418: found /usr/bin/ar
configure:5429: result: ar
configure:5466: checking for archiver @FILE support
configure:5483: gcc -c -g -O2  conftest.c >&5
configure:5483: $? = 0
configure:5486: ar cru libconftest.a @conftest.lst >&5
configure:5489: $? = 0
configure:5494: ar cru libconftest.a @conftest.lst >&5
ar: conftest.o: No such file or directory
configure:5497: $? = 1
configure:5509: result: @
configure:5567: checking for strip
configure:5583: found /usr/bin/strip
configure:5594: result: strip
configure:5666: checking for ranlib
configure:5682: found /usr/bin/ranlib
configure:5693: result: ranlib
configure:5795: checking command to parse /usr/bin/nm -B output from gcc object
configure:5915: gcc -c -g -O2  conftest.c >&5
configure:5918: $? = 0
configure:5922: /usr/bin/nm -B conftest.o \| sed -n -e 's/^.*[ ]\([ABCDGIRSTW][ABCDGIRSTW]*\)[ ][ ]*\([_A-Za-z][_A-Za-z0-9]*\)$/\1 \2 \2/p' | sed '/ __gnu_lto/d' \> conftest.nm
configure:5925: $? = 0
configure:5991: gcc -o conftest -g -O2   conftest.c conftstm.o >&5
configure:5994: $? = 0
configure:6032: result: ok
configure:6069: checking for sysroot
configure:6099: result: no
configure:6176: gcc -c -g -O2  conftest.c >&5
configure:6179: $? = 0
configure:6355: checking for mt
configure:6371: found /bin/mt
configure:6382: result: mt
configure:6405: checking if mt is a manifest tool
configure:6411: mt '-?'
configure:6419: result: no
configure:7061: checking how to run the C preprocessor
configure:7092: gcc -E  conftest.c
configure:7092: $? = 0
configure:7106: gcc -E  conftest.c
conftest.c:12:28: fatal error: ac_nonexistent.h: No such file or directory
compilation terminated.
configure:7106: $? = 1
configure: failed program was:
| /* confdefs.h */
| #define PACKAGE_NAME "usbip"
| #define PACKAGE_TARNAME "usbip"
| #define PACKAGE_VERSION "0.1.8"
| #define PACKAGE_STRING "usbip 0.1.8"
| #define PACKAGE_BUGREPORT "usbip-devel@lists.sourceforge.net"
| #define PACKAGE_URL ""
| #define USBIP_VERSION 0x000106
| #define PACKAGE "usbip"
| #define VERSION "0.1.8"
| /* end confdefs.h.  */
| #include <ac_nonexistent.h>
configure:7131: result: gcc -E
configure:7151: gcc -E  conftest.c
configure:7151: $? = 0
configure:7165: gcc -E  conftest.c
conftest.c:12:28: fatal error: ac_nonexistent.h: No such file or directory
compilation terminated.
configure:7165: $? = 1
configure: failed program was:
| /* confdefs.h */
| #define PACKAGE_NAME "usbip"
| #define PACKAGE_TARNAME "usbip"
| #define PACKAGE_VERSION "0.1.8"
| #define PACKAGE_STRING "usbip 0.1.8"
| #define PACKAGE_BUGREPORT "usbip-devel@lists.sourceforge.net"
| #define PACKAGE_URL ""
| #define USBIP_VERSION 0x000106
| #define PACKAGE "usbip"
| #define VERSION "0.1.8"
| /* end confdefs.h.  */
| #include <ac_nonexistent.h>
configure:7194: checking for ANSI C header files
configure:7214: gcc -c -g -O2  conftest.c >&5
configure:7214: $? = 0
configure:7287: gcc -o conftest -g -O2   conftest.c  >&5
configure:7287: $? = 0
configure:7287: ./conftest
configure:7287: $? = 0
configure:7298: result: yes
configure:7311: checking for sys/types.h
configure:7311: gcc -c -g -O2  conftest.c >&5
configure:7311: $? = 0
configure:7311: result: yes
configure:7311: checking for sys/stat.h
configure:7311: gcc -c -g -O2  conftest.c >&5
configure:7311: $? = 0
configure:7311: result: yes
configure:7311: checking for stdlib.h
configure:7311: gcc -c -g -O2  conftest.c >&5
configure:7311: $? = 0
configure:7311: result: yes
configure:7311: checking for string.h
configure:7311: gcc -c -g -O2  conftest.c >&5
configure:7311: $? = 0
configure:7311: result: yes
configure:7311: checking for memory.h
configure:7311: gcc -c -g -O2  conftest.c >&5
configure:7311: $? = 0
configure:7311: result: yes
configure:7311: checking for strings.h
configure:7311: gcc -c -g -O2  conftest.c >&5
configure:7311: $? = 0
configure:7311: result: yes
configure:7311: checking for inttypes.h
configure:7311: gcc -c -g -O2  conftest.c >&5
configure:7311: $? = 0
configure:7311: result: yes
configure:7311: checking for stdint.h
configure:7311: gcc -c -g -O2  conftest.c >&5
configure:7311: $? = 0
configure:7311: result: yes
configure:7311: checking for unistd.h
configure:7311: gcc -c -g -O2  conftest.c >&5
configure:7311: $? = 0
configure:7311: result: yes
configure:7325: checking for dlfcn.h
configure:7325: gcc -c -g -O2  conftest.c >&5
configure:7325: $? = 0
configure:7325: result: yes
configure:7531: checking for objdir
configure:7546: result: .libs
configure:7813: checking if gcc supports -fno-rtti -fno-exceptions
configure:7831: gcc -c -g -O2  -fno-rtti -fno-exceptions conftest.c >&5
cc1: warning: command line option '-fno-rtti' is valid for C++/ObjC++ but not for C [enabled by default]
configure:7835: $? = 0
configure:7848: result: no
configure:8175: checking for gcc option to produce PIC
configure:8182: result: -fPIC -DPIC
configure:8190: checking if gcc PIC flag -fPIC -DPIC works
configure:8208: gcc -c -g -O2  -fPIC -DPIC -DPIC conftest.c >&5
configure:8212: $? = 0
configure:8225: result: yes
configure:8254: checking if gcc static flag -static works
configure:8282: result: yes
configure:8297: checking if gcc supports -c -o file.o
configure:8318: gcc -c -g -O2  -o out/conftest2.o conftest.c >&5
configure:8322: $? = 0
configure:8344: result: yes
configure:8352: checking if gcc supports -c -o file.o
configure:8399: result: yes
configure:8432: checking whether the gcc linker (/usr/bin/ld -m elf_x86_64) supports shared libraries
configure:9589: result: yes
configure:9626: checking whether -lc should be explicitly linked in
configure:9634: gcc -c -g -O2  conftest.c >&5
configure:9637: $? = 0
configure:9652: gcc -shared  -fPIC -DPIC conftest.o  -v -Wl,-soname -Wl,conftest -o conftest 2\>\&1 \| /bin/grep  -lc  \>/dev/null 2\>\&1
configure:9655: $? = 0
configure:9669: result: no
configure:9829: checking dynamic linker characteristics
configure:10340: gcc -o conftest -g -O2   -Wl,-rpath -Wl,/foo conftest.c  >&5
configure:10340: $? = 0
configure:10574: result: GNU/Linux ld.so
configure:10681: checking how to hardcode library paths into programs
configure:10706: result: immediate
configure:11246: checking whether stripping libraries is possible
configure:11251: result: yes
configure:11286: checking if libtool supports shared libraries
configure:11288: result: yes
configure:11291: checking whether to build shared libraries
configure:11312: result: yes
configure:11315: checking whether to build static libraries
configure:11319: result: yes
configure:11406: checking for gcc
configure:11433: result: gcc
configure:11662: checking for C compiler version
configure:11671: gcc --version >&5
gcc (Ubuntu/Linaro 4.6.3-1ubuntu5) 4.6.3
Copyright (C) 2011 Free Software Foundation, Inc.
This is free software; see the source for copying conditions.  There is NO
warranty; not even for MERCHANTABILITY or FITNESS FOR A PARTICULAR PURPOSE.

configure:11682: $? = 0
configure:11671: gcc -v >&5
Using built-in specs.
COLLECT_GCC=gcc
COLLECT_LTO_WRAPPER=/usr/lib/gcc/x86_64-linux-gnu/4.6/lto-wrapper
Target: x86_64-linux-gnu
Configured with: ../src/configure -v --with-pkgversion='Ubuntu/Linaro 4.6.3-1ubuntu5' --with-bugurl=file:///usr/share/doc/gcc-4.6/README.Bugs --enable-languages=c,c++,fortran,objc,obj-c++ --prefix=/usr --program-suffix=-4.6 --enable-shared --enable-linker-build-id --with-system-zlib --libexecdir=/usr/lib --without-included-gettext --enable-threads=posix --with-gxx-include-dir=/usr/include/c++/4.6 --libdir=/usr/lib --enable-nls --with-sysroot=/ --enable-clocale=gnu --enable-libstdcxx-debug --enable-libstdcxx-time=yes --enable-gnu-unique-object --enable-plugin --enable-objc-gc --disable-werror --with-arch-32=i686 --with-tune=generic --enable-checking=release --build=x86_64-linux-gnu --host=x86_64-linux-gnu --target=x86_64-linux-gnu
Thread model: posix
gcc version 4.6.3 (Ubuntu/Linaro 4.6.3-1ubuntu5) 
configure:11682: $? = 0
configure:11671: gcc -V >&5
gcc: error: unrecognized option '-V'
gcc: fatal error: no input files
compilation terminated.
configure:11682: $? = 4
configure:11671: gcc -qversion >&5
gcc: error: unrecognized option '-qversion'
gcc: fatal error: no input files
compilation terminated.
configure:11682: $? = 4
configure:11686: checking whether we are using the GNU C compiler
configure:11714: result: yes
configure:11723: checking whether gcc accepts -g
configure:11784: result: yes
configure:11801: checking for gcc option to accept ISO C89
configure:11878: result: none needed
configure:11900: checking dependency style of gcc
configure:12011: result: gcc3
configure:12034: checking for dirent.h that defines DIR
configure:12053: gcc -c -g -O2  conftest.c >&5
configure:12053: $? = 0
configure:12061: result: yes
configure:12074: checking for library containing opendir
configure:12105: gcc -o conftest -g -O2   conftest.c  >&5
configure:12105: $? = 0
configure:12122: result: none required
configure:12189: checking for ANSI C header files
configure:12293: result: yes
configure:12304: checking fcntl.h usability
configure:12304: gcc -c -g -O2  conftest.c >&5
configure:12304: $? = 0
configure:12304: result: yes
configure:12304: checking fcntl.h presence
configure:12304: gcc -E  conftest.c
configure:12304: $? = 0
configure:12304: result: yes
configure:12304: checking for fcntl.h
configure:12304: result: yes
configure:12304: checking netdb.h usability
configure:12304: gcc -c -g -O2  conftest.c >&5
configure:12304: $? = 0
configure:12304: result: yes
configure:12304: checking netdb.h presence
configure:12304: gcc -E  conftest.c
configure:12304: $? = 0
configure:12304: result: yes
configure:12304: checking for netdb.h
configure:12304: result: yes
configure:12304: checking for stdint.h
configure:12304: result: yes
configure:12304: checking for stdlib.h
configure:12304: result: yes
configure:12304: checking for string.h
configure:12304: result: yes
configure:12304: checking for strings.h
configure:12304: result: yes
configure:12304: checking sys/socket.h usability
configure:12304: gcc -c -g -O2  conftest.c >&5
configure:12304: $? = 0
configure:12304: result: yes
configure:12304: checking sys/socket.h presence
configure:12304: gcc -E  conftest.c
configure:12304: $? = 0
configure:12304: result: yes
configure:12304: checking for sys/socket.h
configure:12304: result: yes
configure:12304: checking syslog.h usability
configure:12304: gcc -c -g -O2  conftest.c >&5
configure:12304: $? = 0
configure:12304: result: yes
configure:12304: checking syslog.h presence
configure:12304: gcc -E  conftest.c
configure:12304: $? = 0
configure:12304: result: yes
configure:12304: checking for syslog.h
configure:12304: result: yes
configure:12304: checking for unistd.h
configure:12304: result: yes
configure:12316: checking for an ANSI C-conforming const
configure:12381: gcc -c -g -O2  conftest.c >&5
configure:12381: $? = 0
configure:12388: result: yes
configure:12396: checking for size_t
configure:12396: gcc -c -g -O2  conftest.c >&5
configure:12396: $? = 0
configure:12396: gcc -c -g -O2  conftest.c >&5
conftest.c: In function 'main':
conftest.c:71:21: error: expected expression before ')' token
configure:12396: $? = 1
configure: failed program was:
| /* confdefs.h */
| #define PACKAGE_NAME "usbip"
| #define PACKAGE_TARNAME "usbip"
| #define PACKAGE_VERSION "0.1.8"
| #define PACKAGE_STRING "usbip 0.1.8"
| #define PACKAGE_BUGREPORT "usbip-devel@lists.sourceforge.net"
| #define PACKAGE_URL ""
| #define USBIP_VERSION 0x000106
| #define PACKAGE "usbip"
| #define VERSION "0.1.8"
| #define STDC_HEADERS 1
| #define HAVE_SYS_TYPES_H 1
| #define HAVE_SYS_STAT_H 1
| #define HAVE_STDLIB_H 1
| #define HAVE_STRING_H 1
| #define HAVE_MEMORY_H 1
| #define HAVE_STRINGS_H 1
| #define HAVE_INTTYPES_H 1
| #define HAVE_STDINT_H 1
| #define HAVE_UNISTD_H 1
| #define HAVE_DLFCN_H 1
| #define LT_OBJDIR ".libs/"
| #define HAVE_DIRENT_H 1
| #define STDC_HEADERS 1
| #define HAVE_FCNTL_H 1
| #define HAVE_NETDB_H 1
| #define HAVE_STDINT_H 1
| #define HAVE_STDLIB_H 1
| #define HAVE_STRING_H 1
| #define HAVE_STRINGS_H 1
| #define HAVE_SYS_SOCKET_H 1
| #define HAVE_SYSLOG_H 1
| #define HAVE_UNISTD_H 1
| /* end confdefs.h.  */
| #include <stdio.h>
| #ifdef HAVE_SYS_TYPES_H
| # include <sys/types.h>
| #endif
| #ifdef HAVE_SYS_STAT_H
| # include <sys/stat.h>
| #endif
| #ifdef STDC_HEADERS
| # include <stdlib.h>
| # include <stddef.h>
| #else
| # ifdef HAVE_STDLIB_H
| #  include <stdlib.h>
| # endif
| #endif
| #ifdef HAVE_STRING_H
| # if !defined STDC_HEADERS && defined HAVE_MEMORY_H
| #  include <memory.h>
| # endif
| # include <string.h>
| #endif
| #ifdef HAVE_STRINGS_H
| # include <strings.h>
| #endif
| #ifdef HAVE_INTTYPES_H
| # include <inttypes.h>
| #endif
| #ifdef HAVE_STDINT_H
| # include <stdint.h>
| #endif
| #ifdef HAVE_UNISTD_H
| # include <unistd.h>
| #endif
| int
| main ()
| {
| if (sizeof ((size_t)))
| 	    return 0;
|   ;
|   return 0;
| }
configure:12396: result: yes
configure:12411: checking for stdlib.h
configure:12411: result: yes
configure:12421: checking for GNU libc compatible malloc
configure:12445: gcc -o conftest -g -O2   conftest.c  >&5
configure:12445: $? = 0
configure:12445: ./conftest
configure:12445: $? = 0
configure:12455: result: yes
configure:12478: checking for stdlib.h
configure:12478: result: yes
configure:12488: checking for GNU libc compatible realloc
configure:12512: gcc -o conftest -g -O2   conftest.c  >&5
configure:12512: $? = 0
configure:12512: ./conftest
configure:12512: $? = 0
configure:12522: result: yes
configure:12546: checking for bzero
configure:12546: gcc -o conftest -g -O2   conftest.c  >&5
conftest.c:62:6: warning: conflicting types for built-in function 'bzero' [enabled by default]
configure:12546: $? = 0
configure:12546: result: yes
configure:12546: checking for memset
configure:12546: gcc -o conftest -g -O2   conftest.c  >&5
conftest.c:63:6: warning: conflicting types for built-in function 'memset' [enabled by default]
configure:12546: $? = 0
configure:12546: result: yes
configure:12546: checking for strchr
configure:12546: gcc -o conftest -g -O2   conftest.c  >&5
conftest.c:64:6: warning: conflicting types for built-in function 'strchr' [enabled by default]
configure:12546: $? = 0
configure:12546: result: yes
configure:12546: checking for strerror
configure:12546: gcc -o conftest -g -O2   conftest.c  >&5
configure:12546: $? = 0
configure:12546: result: yes
configure:12546: checking for strstr
configure:12546: gcc -o conftest -g -O2   conftest.c  >&5
conftest.c:66:6: warning: conflicting types for built-in function 'strstr' [enabled by default]
configure:12546: $? = 0
configure:12546: result: yes
configure:12546: checking for strtoul
configure:12546: gcc -o conftest -g -O2   conftest.c  >&5
configure:12546: $? = 0
configure:12546: result: yes
configure:12556: checking sysfs/libsysfs.h usability
configure:12556: gcc -c -g -O2  conftest.c >&5
configure:12556: $? = 0
configure:12556: result: yes
configure:12556: checking sysfs/libsysfs.h presence
configure:12556: gcc -E  conftest.c
configure:12556: $? = 0
configure:12556: result: yes
configure:12556: checking for sysfs/libsysfs.h
configure:12556: result: yes
configure:12558: checking for sysfs_open_directory_list in -lsysfs
configure:12583: gcc -o conftest -g -O2   conftest.c -lsysfs   >&5
configure:12583: $? = 0
configure:12592: result: yes
configure:12608: checking whether to use the libwrap (TCP wrappers) library
configure:12649: result: (default)
configure:12651: checking for hosts_access in -lwrap
configure:12666: gcc -o conftest -g -O2   conftest.c -lwrap  -lsysfs >&5
configure:12666: $? = 0
configure:12667: result: yes
configure:12768: checking for pkg-config
configure:12786: found /usr/bin/pkg-config
configure:12798: result: /usr/bin/pkg-config
configure:12823: checking pkg-config is at least version 0.9.0
configure:12826: result: yes
configure:12836: checking for PACKAGE
configure:12843: $PKG_CONFIG --exists --print-errors "glib-2.0 >= $GLIB2_REQUIRED"
configure:12846: $? = 0
configure:12860: $PKG_CONFIG --exists --print-errors "glib-2.0 >= $GLIB2_REQUIRED"
configure:12863: $? = 0
configure:12921: result: yes
configure:13068: creating ./config.status

## ---------------------- ##
## Running config.status. ##
## ---------------------- ##

This file was extended by usbip config.status 0.1.8, which was
generated by GNU Autoconf 2.68.  Invocation command line was

  CONFIG_FILES    = 
  CONFIG_HEADERS  = 
  CONFIG_LINKS    = 
  CONFIG_COMMANDS = 
  $ ./config.status 

on ubuntu

config.status:1122: creating Makefile
config.status:1122: creating lib/Makefile
config.status:1122: creating cmd/Makefile
config.status:1122: creating config.h
config.status:1351: executing depfiles commands
config.status:1351: executing libtool commands

## ---------------- ##
## Cache variables. ##
## ---------------- ##

ac_cv_build=x86_64-unknown-linux-gnu
ac_cv_c_compiler_gnu=yes
ac_cv_c_const=yes
ac_cv_env_CC_set=
ac_cv_env_CC_value=
ac_cv_env_CFLAGS_set=
ac_cv_env_CFLAGS_value=
ac_cv_env_CPPFLAGS_set=
ac_cv_env_CPPFLAGS_value=
ac_cv_env_CPP_set=
ac_cv_env_CPP_value=
ac_cv_env_LDFLAGS_set=
ac_cv_env_LDFLAGS_value=
ac_cv_env_LIBS_set=
ac_cv_env_LIBS_value=
ac_cv_env_PACKAGE_CFLAGS_set=
ac_cv_env_PACKAGE_CFLAGS_value=
ac_cv_env_PACKAGE_LIBS_set=
ac_cv_env_PACKAGE_LIBS_value=
ac_cv_env_PKG_CONFIG_LIBDIR_set=
ac_cv_env_PKG_CONFIG_LIBDIR_value=
ac_cv_env_PKG_CONFIG_PATH_set=
ac_cv_env_PKG_CONFIG_PATH_value=
ac_cv_env_PKG_CONFIG_set=
ac_cv_env_PKG_CONFIG_value=
ac_cv_env_build_alias_set=
ac_cv_env_build_alias_value=
ac_cv_env_host_alias_set=
ac_cv_env_host_alias_value=
ac_cv_env_target_alias_set=
ac_cv_env_target_alias_value=
ac_cv_func_bzero=yes
ac_cv_func_malloc_0_nonnull=yes
ac_cv_func_memset=yes
ac_cv_func_realloc_0_nonnull=yes
ac_cv_func_strchr=yes
ac_cv_func_strerror=yes
ac_cv_func_strstr=yes
ac_cv_func_strtoul=yes
ac_cv_header_dirent_dirent_h=yes
ac_cv_header_dlfcn_h=yes
ac_cv_header_fcntl_h=yes
ac_cv_header_inttypes_h=yes
ac_cv_header_memory_h=yes
ac_cv_header_netdb_h=yes
ac_cv_header_stdc=yes
ac_cv_header_stdint_h=yes
ac_cv_header_stdlib_h=yes
ac_cv_header_string_h=yes
ac_cv_header_strings_h=yes
ac_cv_header_sys_socket_h=yes
ac_cv_header_sys_stat_h=yes
ac_cv_header_sys_types_h=yes
ac_cv_header_sysfs_libsysfs_h=yes
ac_cv_header_syslog_h=yes
ac_cv_header_unistd_h=yes
ac_cv_host=x86_64-unknown-linux-gnu
ac_cv_lib_sysfs_sysfs_open_directory_list=yes
ac_cv_objext=o
ac_cv_path_EGREP='/bin/grep -E'
ac_cv_path_FGREP='/bin/grep -F'
ac_cv_path_GREP=/bin/grep
ac_cv_path_SED=/bin/sed
ac_cv_path_ac_pt_PKG_CONFIG=/usr/bin/pkg-config
ac_cv_path_install='/usr/bin/install -c'
ac_cv_path_mkdir=/bin/mkdir
ac_cv_prog_AWK=mawk
ac_cv_prog_CPP='gcc -E'
ac_cv_prog_ac_ct_AR=ar
ac_cv_prog_ac_ct_CC=gcc
ac_cv_prog_ac_ct_MANIFEST_TOOL=mt
ac_cv_prog_ac_ct_OBJDUMP=objdump
ac_cv_prog_ac_ct_RANLIB=ranlib
ac_cv_prog_ac_ct_STRIP=strip
ac_cv_prog_cc_c89=
ac_cv_prog_cc_g=yes
ac_cv_prog_make_make_set=yes
ac_cv_search_opendir='none required'
ac_cv_type_size_t=yes
am_cv_CC_dependencies_compiler_type=gcc3
lt_cv_ar_at_file=@
lt_cv_archive_cmds_need_lc=no
lt_cv_deplibs_check_method=pass_all
lt_cv_file_magic_cmd='$MAGIC_CMD'
lt_cv_file_magic_test_file=
lt_cv_ld_reload_flag=-r
lt_cv_nm_interface='BSD nm'
lt_cv_objdir=.libs
lt_cv_path_LD=/usr/bin/ld
lt_cv_path_NM='/usr/bin/nm -B'
lt_cv_path_mainfest_tool=no
lt_cv_prog_compiler_c_o=yes
lt_cv_prog_compiler_pic='-fPIC -DPIC'
lt_cv_prog_compiler_pic_works=yes
lt_cv_prog_compiler_rtti_exceptions=no
lt_cv_prog_compiler_static_works=yes
lt_cv_prog_gnu_ld=yes
lt_cv_sharedlib_from_linklib_cmd='printf %s\n'
lt_cv_shlibpath_overrides_runpath=no
lt_cv_sys_global_symbol_pipe='sed -n -e '\''s/^.*[	 ]\([ABCDGIRSTW][ABCDGIRSTW]*\)[	 ][	 ]*\([_A-Za-z][_A-Za-z0-9]*\)$/\1 \2 \2/p'\'' | sed '\''/ __gnu_lto/d'\'''
lt_cv_sys_global_symbol_to_c_name_address='sed -n -e '\''s/^: \([^ ]*\)[ ]*$/  {\"\1\", (void *) 0},/p'\'' -e '\''s/^[ABCDGIRSTW]* \([^ ]*\) \([^ ]*\)$/  {"\2", (void *) \&\2},/p'\'''
lt_cv_sys_global_symbol_to_c_name_address_lib_prefix='sed -n -e '\''s/^: \([^ ]*\)[ ]*$/  {\"\1\", (void *) 0},/p'\'' -e '\''s/^[ABCDGIRSTW]* \([^ ]*\) \(lib[^ ]*\)$/  {"\2", (void *) \&\2},/p'\'' -e '\''s/^[ABCDGIRSTW]* \([^ ]*\) \([^ ]*\)$/  {"lib\2", (void *) \&\2},/p'\'''
lt_cv_sys_global_symbol_to_cdecl='sed -n -e '\''s/^T .* \(.*\)$/extern int \1();/p'\'' -e '\''s/^[ABCDGIRSTW]* .* \(.*\)$/extern char \1;/p'\'''
lt_cv_sys_max_cmd_len=1572864
lt_cv_to_host_file_cmd=func_convert_file_noop
lt_cv_to_tool_file_cmd=func_convert_file_noop
pkg_cv_PACKAGE_CFLAGS='-I/usr/include/glib-2.0 -I/usr/lib/x86_64-linux-gnu/glib-2.0/include  '
pkg_cv_PACKAGE_LIBS='-lglib-2.0  '

## ----------------- ##
## Output variables. ##
## ----------------- ##

ACLOCAL='${SHELL} /home/ubuntu/usbipd/missing --run aclocal-1.11'
AMDEPBACKSLASH='\'
AMDEP_FALSE='#'
AMDEP_TRUE=''
AMTAR='$${TAR-tar}'
AR='ar'
AUTOCONF='${SHELL} /home/ubuntu/usbipd/missing --run autoconf'
AUTOHEADER='${SHELL} /home/ubuntu/usbipd/missing --run autoheader'
AUTOMAKE='${SHELL} /home/ubuntu/usbipd/missing --run automake-1.11'
AWK='mawk'
CC='gcc'
CCDEPMODE='depmode=gcc3'
CFLAGS='-g -O2'
CPP='gcc -E'
CPPFLAGS=''
CYGPATH_W='echo'
DEFS='-DHAVE_CONFIG_H'
DEPDIR='.deps'
DLLTOOL='false'
DSYMUTIL=''
DUMPBIN=''
ECHO_C=''
ECHO_N='-n'
ECHO_T=''
EGREP='/bin/grep -E'
EXEEXT=''
EXTRA_CFLAGS=''
FGREP='/bin/grep -F'
GREP='/bin/grep'
INSTALL_DATA='${INSTALL} -m 644'
INSTALL_PROGRAM='${INSTALL}'
INSTALL_SCRIPT='${INSTALL}'
INSTALL_STRIP_PROGRAM='$(install_sh) -c -s'
INSTALL_USBIDS_FALSE='#'
INSTALL_USBIDS_TRUE=''
LD='/usr/bin/ld -m elf_x86_64'
LDFLAGS=''
LIBOBJS=''
LIBS='-lwrap  -lsysfs'
LIBTOOL='$(SHELL) $(top_builddir)/libtool'
LIPO=''
LN_S='ln -s'
LTLIBOBJS=''
MAKEINFO='${SHELL} /home/ubuntu/usbipd/missing --run makeinfo'
MANIFEST_TOOL=':'
MKDIR_P='/bin/mkdir -p'
NM='/usr/bin/nm -B'
NMEDIT=''
OBJDUMP='objdump'
OBJEXT='o'
OTOOL64=''
OTOOL=''
PACKAGE='usbip'
PACKAGE_BUGREPORT='usbip-devel@lists.sourceforge.net'
PACKAGE_CFLAGS='-I/usr/include/glib-2.0 -I/usr/lib/x86_64-linux-gnu/glib-2.0/include  '
PACKAGE_LIBS='-lglib-2.0  '
PACKAGE_NAME='usbip'
PACKAGE_STRING='usbip 0.1.8'
PACKAGE_TARNAME='usbip'
PACKAGE_URL=''
PACKAGE_VERSION='0.1.8'
PATH_SEPARATOR=':'
PKG_CONFIG='/usr/bin/pkg-config'
PKG_CONFIG_LIBDIR=''
PKG_CONFIG_PATH=''
RANLIB='ranlib'
SED='/bin/sed'
SET_MAKE=''
SHELL='/bin/bash'
STRIP='strip'
USBIDS_DIR='${datadir}/usbip'
VERSION='0.1.8'
ac_ct_AR='ar'
ac_ct_CC='gcc'
ac_ct_DUMPBIN=''
am__EXEEXT_FALSE=''
am__EXEEXT_TRUE='#'
am__fastdepCC_FALSE='#'
am__fastdepCC_TRUE=''
am__include='include'
am__isrc=''
am__leading_dot='.'
am__nodep='_no'
am__quote=''
am__tar='$${TAR-tar} chof - "$$tardir"'
am__untar='$${TAR-tar} xf -'
bindir='${exec_prefix}/bin'
build='x86_64-unknown-linux-gnu'
build_alias=''
build_cpu='x86_64'
build_os='linux-gnu'
build_vendor='unknown'
datadir='${datarootdir}'
datarootdir='${prefix}/share'
docdir='${datarootdir}/doc/${PACKAGE_TARNAME}'
dvidir='${docdir}'
exec_prefix='${prefix}'
host='x86_64-unknown-linux-gnu'
host_alias=''
host_cpu='x86_64'
host_os='linux-gnu'
host_vendor='unknown'
htmldir='${docdir}'
includedir='${prefix}/include'
infodir='${datarootdir}/info'
install_sh='${SHELL} /home/ubuntu/usbipd/install-sh'
libdir='${exec_prefix}/lib'
libexecdir='${exec_prefix}/libexec'
localedir='${datarootdir}/locale'
localstatedir='${prefix}/var'
mandir='${datarootdir}/man'
mkdir_p='/bin/mkdir -p'
oldincludedir='/usr/include'
pdfdir='${docdir}'
prefix='/usr/local'
program_transform_name='s,x,x,'
psdir='${docdir}'
sbindir='${exec_prefix}/sbin'
sharedstatedir='${prefix}/com'
sysconfdir='${prefix}/etc'
target_alias=''

## ----------- ##
## confdefs.h. ##
## ----------- ##

/* confdefs.h */
#define PACKAGE_NAME "usbip"
#define PACKAGE_TARNAME "usbip"
#define PACKAGE_VERSION "0.1.8"
#define PACKAGE_STRING "usbip 0.1.8"
#define PACKAGE_BUGREPORT "usbip-devel@lists.sourceforge.net"
#define PACKAGE_URL ""
#define USBIP_VERSION 0x000106
#define PACKAGE "usbip"
#define VERSION "0.1.8"
#define STDC_HEADERS 1
#define HAVE_SYS_TYPES_H 1
#define HAVE_SYS_STAT_H 1
#define HAVE_STDLIB_H 1
#define HAVE_STRING_H 1
#define HAVE_MEMORY_H 1
#define HAVE_STRINGS_H 1
#define HAVE_INTTYPES_H 1
#define HAVE_STDINT_H 1
#define HAVE_UNISTD_H 1
#define HAVE_DLFCN_H 1
#define LT_OBJDIR ".libs/"
#define HAVE_DIRENT_H 1
#define STDC_HEADERS 1
#define HAVE_FCNTL_H 1
#define HAVE_NETDB_H 1
#define HAVE_STDINT_H 1
#define HAVE_STDLIB_H 1
#define HAVE_STRING_H 1
#define HAVE_STRINGS_H 1
#define HAVE_SYS_SOCKET_H 1
#define HAVE_SYSLOG_H 1
#define HAVE_UNISTD_H 1
#define HAVE_STDLIB_H 1
#define HAVE_MALLOC 1
#define HAVE_STDLIB_H 1
#define HAVE_REALLOC 1
#define HAVE_BZERO 1
#define HAVE_MEMSET 1
#define HAVE_STRCHR 1
#define HAVE_STRERROR 1
#define HAVE_STRSTR 1
#define HAVE_STRTOUL 1
#define HAVE_LIBWRAP 1

configure: exit 0
