C:\DOCUMENTS AND SETTINGS\ADMINISTRATOR\바탕 화면\USBIP\DEBUG\GETOPT.OBJ
C:\DOCUMENTS AND SETTINGS\ADMINISTRATOR\바탕 화면\USBIP\DEBUG\GETOPT_LONG.OBJ
C:\DOCUMENTS AND SETTINGS\ADMINISTRATOR\바탕 화면\USBIP\DEBUG\USBIP.EXE
C:\DOCUMENTS AND SETTINGS\ADMINISTRATOR\바탕 화면\USBIP\DEBUG\USBIP.EXE.INTERMEDIATE.MANIFEST
C:\DOCUMENTS AND SETTINGS\ADMINISTRATOR\바탕 화면\USBIP\DEBUG\USBIP.ILK
C:\DOCUMENTS AND SETTINGS\ADMINISTRATOR\바탕 화면\USBIP\DEBUG\USBIP.OBJ
C:\DOCUMENTS AND SETTINGS\ADMINISTRATOR\바탕 화면\USBIP\DEBUG\USBIP.PDB
C:\DOCUMENTS AND SETTINGS\ADMINISTRATOR\바탕 화면\USBIP\DEBUG\USBIP_COMMON.OBJ
C:\DOCUMENTS AND SETTINGS\ADMINISTRATOR\바탕 화면\USBIP\DEBUG\USBIP_NETWORK.OBJ
C:\DOCUMENTS AND SETTINGS\ADMINISTRATOR\바탕 화면\USBIP\DEBUG\USBIP_VBUS_UI.OBJ
C:\DOCUMENTS AND SETTINGS\ADMINISTRATOR\바탕 화면\USBIP\DEBUG\VC100.PDB
C:\Documents and Settings\Administrator\바탕 화면\수정중\usbip\Debug\cl.command.1.tlog
C:\Documents and Settings\Administrator\바탕 화면\수정중\usbip\Debug\CL.read.1.tlog
C:\Documents and Settings\Administrator\바탕 화면\수정중\usbip\Debug\CL.write.1.tlog
C:\DOCUMENTS AND SETTINGS\ADMINISTRATOR\바탕 화면\수정중\USBIP\DEBUG\GETOPT.OBJ
C:\DOCUMENTS AND SETTINGS\ADMINISTRATOR\바탕 화면\수정중\USBIP\DEBUG\GETOPT_LONG.OBJ
C:\Documents and Settings\Administrator\바탕 화면\수정중\usbip\Debug\link.command.1.tlog
C:\Documents and Settings\Administrator\바탕 화면\수정중\usbip\Debug\link.read.1.tlog
C:\Documents and Settings\Administrator\바탕 화면\수정중\usbip\Debug\link.write.1.tlog
C:\Documents and Settings\Administrator\바탕 화면\수정중\usbip\Debug\mt.command.1.tlog
C:\Documents and Settings\Administrator\바탕 화면\수정중\usbip\Debug\mt.read.1.tlog
C:\Documents and Settings\Administrator\바탕 화면\수정중\usbip\Debug\mt.write.1.tlog
C:\DOCUMENTS AND SETTINGS\ADMINISTRATOR\바탕 화면\수정중\USBIP\DEBUG\USBIP.EXE
C:\Documents and Settings\Administrator\바탕 화면\수정중\usbip\Debug\usbip.exe.intermediate.manifest
C:\DOCUMENTS AND SETTINGS\ADMINISTRATOR\바탕 화면\수정중\USBIP\DEBUG\USBIP.OBJ
C:\Documents and Settings\Administrator\바탕 화면\수정중\usbip\Debug\usbip.pdb
C:\DOCUMENTS AND SETTINGS\ADMINISTRATOR\바탕 화면\수정중\USBIP\DEBUG\USBIP_COMMON.OBJ
C:\DOCUMENTS AND SETTINGS\ADMINISTRATOR\바탕 화면\수정중\USBIP\DEBUG\USBIP_NETWORK.OBJ
C:\DOCUMENTS AND SETTINGS\ADMINISTRATOR\바탕 화면\수정중\USBIP\DEBUG\USBIP_VBUS_UI.OBJ
C:\Documents and Settings\Administrator\바탕 화면\수정중\usbip\Debug\vc100.idb
C:\DOCUMENTS AND SETTINGS\ADMINISTRATOR\바탕 화면\수정중\USBIP\DEBUG\VC100.PDB
C:\USERS\WINDOWS7\ANDROID-USB\SOURCE CODE\USBIP\DEBUG\GETOPT.OBJ
C:\USERS\WINDOWS7\ANDROID-USB\SOURCE CODE\USBIP\DEBUG\GETOPT_LONG.OBJ
C:\USERS\WINDOWS7\ANDROID-USB\SOURCE CODE\USBIP\DEBUG\USBIP.EXE
C:\USERS\WINDOWS7\ANDROID-USB\SOURCE CODE\USBIP\DEBUG\USBIP.EXE.INTERMEDIATE.MANIFEST
C:\USERS\WINDOWS7\ANDROID-USB\SOURCE CODE\USBIP\DEBUG\USBIP.ILK
C:\USERS\WINDOWS7\ANDROID-USB\SOURCE CODE\USBIP\DEBUG\USBIP.OBJ
C:\USERS\WINDOWS7\ANDROID-USB\SOURCE CODE\USBIP\DEBUG\USBIP.PDB
C:\USERS\WINDOWS7\ANDROID-USB\SOURCE CODE\USBIP\DEBUG\USBIP_COMMON.OBJ
C:\USERS\WINDOWS7\ANDROID-USB\SOURCE CODE\USBIP\DEBUG\USBIP_NETWORK.OBJ
C:\USERS\WINDOWS7\ANDROID-USB\SOURCE CODE\USBIP\DEBUG\USBIP_VBUS_UI.OBJ
C:\USERS\WINDOWS7\ANDROID-USB\SOURCE CODE\USBIP\DEBUG\VC100.PDB
