빌드 시작: 2012-06-03 오후 10:17:27
     1>2 노드의 "C:\WinDDK\7600.16385.1\src\usb\usbip\usbip.vcxproj" 프로젝트(build 대상)입니다.
     1>InitializeBuildStatus:
         "AlwaysCreate"이(가) 지정되었기 때문에 "Debug\usbip.unsuccessfulbuild"을(를) 만들고 있습니다.
       ClCompile:
         C:\Program Files (x86)\Microsoft Visual Studio 10.0\VC\bin\CL.exe /c /ZI /nologo /W3 /WX- /Od /Oy- /D _MBCS /Gm /EHsc /RTC1 /MTd /GS /fp:precise /Zc:wchar_t /Zc:forScope /Fo"Debug\\" /Fd"Debug\vc100.pdb" /Gd /TC /analyze- /errorReport:prompt usbip.c
         usbip.c
     1>c:\winddk\7600.16385.1\src\usb\usbip\usbip.c(576): warning C4101: 'cmd' :참조되지 않은 지역 변수입니다.
     1>c:\winddk\7600.16385.1\src\usb\usbip\usbip.c(525): warning C4715: 'connect_server' : 모든 제어 경로에서 값을 반환하지는 않습니다.
       Link:
         C:\Program Files (x86)\Microsoft Visual Studio 10.0\VC\bin\link.exe /ERRORREPORT:PROMPT /OUT:"C:\WinDDK\7600.16385.1\src\usb\usbip\Debug\usbip.exe" /NOLOGO kernel32.lib user32.lib gdi32.lib winspool.lib comdlg32.lib advapi32.lib shell32.lib ole32.lib oleaut32.lib uuid.lib odbc32.lib odbccp32.lib /MANIFEST /ManifestFile:"Debug\usbip.exe.intermediate.manifest" /MANIFESTUAC:"level='asInvoker' uiAccess='false'" /DEBUG /PDB:"C:\WinDDK\7600.16385.1\src\usb\usbip\Debug\usbip.pdb" /TLBID:1 /DYNAMICBASE /NXCOMPAT /IMPLIB:"C:\WinDDK\7600.16385.1\src\usb\usbip\Debug\usbip.lib" /MACHINE:X86 Debug\getopt.obj
         Debug\getopt_long.obj
         Debug\usbip.obj
         Debug\usbip_common.obj
         Debug\usbip_network.obj
         Debug\usbip_vbus_ui.obj
         LINK : C:\WinDDK\7600.16385.1\src\usb\usbip\Debug\usbip.exe을(를) 찾을 수 없거나 마지막 증분 링크에 의해 빌드되지 않았습니다. 전체 링크를 수행하고 있습니다.
         usbip.vcxproj -> C:\WinDDK\7600.16385.1\src\usb\usbip\Debug\usbip.exe
       Manifest:
         C:\Program Files (x86)\Microsoft SDKs\Windows\v7.0A\bin\mt.exe /nologo /verbose /outputresource:"C:\WinDDK\7600.16385.1\src\usb\usbip\Debug\usbip.exe;#1" /manifest Debug\usbip.exe.intermediate.manifest
       FinalizeBuildStatus:
         "Debug\usbip.unsuccessfulbuild" 파일을 삭제하고 있습니다.
         "Debug\usbip.lastbuildstate"에 연결(touching)하고 있습니다.
     1>"C:\WinDDK\7600.16385.1\src\usb\usbip\usbip.vcxproj" 프로젝트를 빌드했습니다(build 대상).

빌드했습니다.

경과 시간: 00:00:04.90
