빌드 시작: 2012-05-01 오후 11:27:03
     1>2 노드의 "C:\Documents and Settings\XP\android-usb\source code\KeyboardForAndroidMsg\KeyboardForAndroidMsg\KeyboardForAndroidMsg.vcxproj" 프로젝트(build 대상)입니다.
     1>InitializeBuildStatus:
         "AlwaysCreate"이(가) 지정되었기 때문에 "Debug\KeyboardForAndroidMsg.unsuccessfulbuild"을(를) 만들고 있습니다.
       ClCompile:
         C:\Program Files\Microsoft Visual Studio 10.0\VC\bin\CL.exe /c /ZI /nologo /W3 /WX- /Od /Oy- /D WIN32 /D _WINDOWS /D _DEBUG /D _MBCS /D _AFXDLL /Gm /EHsc /RTC1 /MDd /GS /fp:precise /Zc:wchar_t /Zc:forScope /Yc"StdAfx.h" /Fp"Debug\KeyboardForAndroidMsg.pch" /Fo"Debug\\" /Fd"Debug\vc100.pdb" /Gd /TP /analyze- /errorReport:prompt stdafx.cpp
         stdafx.cpp
         C:\Program Files\Microsoft Visual Studio 10.0\VC\bin\CL.exe /c /ZI /nologo /W3 /WX- /Od /Oy- /D WIN32 /D _WINDOWS /D _DEBUG /D _MBCS /D _AFXDLL /Gm /EHsc /RTC1 /MDd /GS /fp:precise /Zc:wchar_t /Zc:forScope /Yu"StdAfx.h" /Fp"Debug\KeyboardForAndroidMsg.pch" /Fo"Debug\\" /Fd"Debug\vc100.pdb" /Gd /TP /analyze- /errorReport:prompt DataSocket.cpp KeyboardForAndroidMsg.cpp KeyboardForAndroidMsgDlg.cpp
         KeyboardForAndroidMsgDlg.cpp
         KeyboardForAndroidMsg.cpp
         DataSocket.cpp
         코드를 생성하고 있습니다...
       ResourceCompile:
         C:\Program Files\Microsoft SDKs\Windows\v7.0A\bin\rc.exe /D _DEBUG /D _AFXDLL /l"0x0412" /IDebug\ /nologo /fo"Debug\KeyboardForAndroidMsg.res" KeyboardForAndroidMsg.rc 
       ManifestResourceCompile:
         C:\Program Files\Microsoft SDKs\Windows\v7.0A\bin\rc.exe /nologo /fo"Debug\KeyboardForAndroidMsg.exe.embed.manifest.res" Debug\KeyboardForAndroidMsg_manifest.rc 
       Link:
         C:\Program Files\Microsoft Visual Studio 10.0\VC\bin\link.exe /ERRORREPORT:PROMPT /OUT:"C:\Documents and Settings\XP\android-usb\source code\KeyboardForAndroidMsg\Debug\KeyboardForAndroidMsg.exe" /INCREMENTAL /NOLOGO /MANIFEST /ManifestFile:"Debug\KeyboardForAndroidMsg.exe.intermediate.manifest" /MANIFESTUAC:"level='asInvoker' uiAccess='false'" /DEBUG /PDB:"C:\Documents and Settings\XP\android-usb\source code\KeyboardForAndroidMsg\Debug\KeyboardForAndroidMsg.pdb" /SUBSYSTEM:WINDOWS /TLBID:1 /DYNAMICBASE /NXCOMPAT /IMPLIB:"C:\Documents and Settings\XP\android-usb\source code\KeyboardForAndroidMsg\Debug\KeyboardForAndroidMsg.lib" /MACHINE:X86 Debug\KeyboardForAndroidMsg.res
         Debug\KeyboardForAndroidMsg.exe.embed.manifest.res
         Debug\DataSocket.obj
         Debug\KeyboardForAndroidMsg.obj
         Debug\KeyboardForAndroidMsgDlg.obj
         Debug\stdafx.obj
       Manifest:
         "Debug\KeyboardForAndroidMsg.exe.embed.manifest" 파일을 삭제하고 있습니다.
         C:\Program Files\Microsoft SDKs\Windows\v7.0A\bin\mt.exe /nologo /verbose /out:"Debug\KeyboardForAndroidMsg.exe.embed.manifest" /manifest Debug\KeyboardForAndroidMsg.exe.intermediate.manifest "C:\Program Files\Microsoft Visual Studio 10.0\VC\Include\Manifest\dpiaware.manifest"
         C:\Program Files\Microsoft SDKs\Windows\v7.0A\bin\rc.exe /nologo /fo"Debug\KeyboardForAndroidMsg.exe.embed.manifest.res" Debug\KeyboardForAndroidMsg_manifest.rc 
       LinkEmbedManifest:
         C:\Program Files\Microsoft Visual Studio 10.0\VC\bin\link.exe /ERRORREPORT:PROMPT /OUT:"C:\Documents and Settings\XP\android-usb\source code\KeyboardForAndroidMsg\Debug\KeyboardForAndroidMsg.exe" /INCREMENTAL /NOLOGO /MANIFEST /ManifestFile:"Debug\KeyboardForAndroidMsg.exe.intermediate.manifest" /MANIFESTUAC:"level='asInvoker' uiAccess='false'" /DEBUG /PDB:"C:\Documents and Settings\XP\android-usb\source code\KeyboardForAndroidMsg\Debug\KeyboardForAndroidMsg.pdb" /SUBSYSTEM:WINDOWS /TLBID:1 /DYNAMICBASE /NXCOMPAT /IMPLIB:"C:\Documents and Settings\XP\android-usb\source code\KeyboardForAndroidMsg\Debug\KeyboardForAndroidMsg.lib" /MACHINE:X86 Debug\KeyboardForAndroidMsg.res
         Debug\KeyboardForAndroidMsg.exe.embed.manifest.res
         Debug\DataSocket.obj
         Debug\KeyboardForAndroidMsg.obj
         Debug\KeyboardForAndroidMsgDlg.obj
         Debug\stdafx.obj
         KeyboardForAndroidMsg.vcxproj -> C:\Documents and Settings\XP\android-usb\source code\KeyboardForAndroidMsg\Debug\KeyboardForAndroidMsg.exe
       FinalizeBuildStatus:
         "Debug\KeyboardForAndroidMsg.unsuccessfulbuild" 파일을 삭제하고 있습니다.
         "Debug\KeyboardForAndroidMsg.lastbuildstate"에 연결(touching)하고 있습니다.
     1>"C:\Documents and Settings\XP\android-usb\source code\KeyboardForAndroidMsg\KeyboardForAndroidMsg\KeyboardForAndroidMsg.vcxproj" 프로젝트를 빌드했습니다(build 대상).

빌드했습니다.

경과 시간: 00:00:08.95
