C:\USERS\WINDOWS7\ANDROID-USB\SOURCE CODE\KEYBOARDFORANDROIDMSG\DEBUG\KEYBOARDFORANDROIDMSG.EXE
C:\USERS\WINDOWS7\ANDROID-USB\SOURCE CODE\KEYBOARDFORANDROIDMSG\DEBUG\KEYBOARDFORANDROIDMSG.ILK
C:\USERS\WINDOWS7\ANDROID-USB\SOURCE CODE\KEYBOARDFORANDROIDMSG\DEBUG\KEYBOARDFORANDROIDMSG.PDB
C:\Users\windows7\Android-USB\source code\KeyboardForAndroidMsg\KeyboardForAndroidMsg\Debug\cl.command.1.tlog
C:\Users\windows7\Android-USB\source code\KeyboardForAndroidMsg\KeyboardForAndroidMsg\Debug\CL.read.1.tlog
C:\Users\windows7\Android-USB\source code\KeyboardForAndroidMsg\KeyboardForAndroidMsg\Debug\CL.write.1.tlog
C:\USERS\WINDOWS7\ANDROID-USB\SOURCE CODE\KEYBOARDFORANDROIDMSG\KEYBOARDFORANDROIDMSG\DEBUG\DATASOCKET.OBJ
C:\USERS\WINDOWS7\ANDROID-USB\SOURCE CODE\KEYBOARDFORANDROIDMSG\KEYBOARDFORANDROIDMSG\DEBUG\DATASOKCET.OBJ
C:\USERS\WINDOWS7\ANDROID-USB\SOURCE CODE\KEYBOARDFORANDROIDMSG\KEYBOARDFORANDROIDMSG\DEBUG\KEYBOARDFORANDROIDMSG.EXE.EMBED.MANIFEST
C:\USERS\WINDOWS7\ANDROID-USB\SOURCE CODE\KEYBOARDFORANDROIDMSG\KEYBOARDFORANDROIDMSG\DEBUG\KEYBOARDFORANDROIDMSG.EXE.EMBED.MANIFEST.RES
C:\USERS\WINDOWS7\ANDROID-USB\SOURCE CODE\KEYBOARDFORANDROIDMSG\KEYBOARDFORANDROIDMSG\DEBUG\KEYBOARDFORANDROIDMSG.EXE.INTERMEDIATE.MANIFEST
C:\USERS\WINDOWS7\ANDROID-USB\SOURCE CODE\KEYBOARDFORANDROIDMSG\KEYBOARDFORANDROIDMSG\DEBUG\KEYBOARDFORANDROIDMSG.OBJ
C:\USERS\WINDOWS7\ANDROID-USB\SOURCE CODE\KEYBOARDFORANDROIDMSG\KEYBOARDFORANDROIDMSG\DEBUG\KEYBOARDFORANDROIDMSG.PCH
C:\USERS\WINDOWS7\ANDROID-USB\SOURCE CODE\KEYBOARDFORANDROIDMSG\KEYBOARDFORANDROIDMSG\DEBUG\KEYBOARDFORANDROIDMSG.RES
C:\Users\windows7\Android-USB\source code\KeyboardForAndroidMsg\KeyboardForAndroidMsg\Debug\KeyboardForAndroidMsg_manifest.rc
C:\USERS\WINDOWS7\ANDROID-USB\SOURCE CODE\KEYBOARDFORANDROIDMSG\KEYBOARDFORANDROIDMSG\DEBUG\KEYBOARDFORANDROIDMSGDLG.OBJ
C:\Users\windows7\Android-USB\source code\KeyboardForAndroidMsg\KeyboardForAndroidMsg\Debug\link.2788.read.1.tlog
C:\Users\windows7\Android-USB\source code\KeyboardForAndroidMsg\KeyboardForAndroidMsg\Debug\link.2788.write.1.tlog
C:\Users\windows7\Android-USB\source code\KeyboardForAndroidMsg\KeyboardForAndroidMsg\Debug\link.2788-cvtres.read.1.tlog
C:\Users\windows7\Android-USB\source code\KeyboardForAndroidMsg\KeyboardForAndroidMsg\Debug\link.2788-cvtres.write.1.tlog
C:\Users\windows7\Android-USB\source code\KeyboardForAndroidMsg\KeyboardForAndroidMsg\Debug\link.4812.read.1.tlog
C:\Users\windows7\Android-USB\source code\KeyboardForAndroidMsg\KeyboardForAndroidMsg\Debug\link.4812.write.1.tlog
C:\Users\windows7\Android-USB\source code\KeyboardForAndroidMsg\KeyboardForAndroidMsg\Debug\link.4812-cvtres.read.1.tlog
C:\Users\windows7\Android-USB\source code\KeyboardForAndroidMsg\KeyboardForAndroidMsg\Debug\link.4812-cvtres.write.1.tlog
C:\Users\windows7\Android-USB\source code\KeyboardForAndroidMsg\KeyboardForAndroidMsg\Debug\link.5096.read.1.tlog
C:\Users\windows7\Android-USB\source code\KeyboardForAndroidMsg\KeyboardForAndroidMsg\Debug\link.5096.write.1.tlog
C:\Users\windows7\Android-USB\source code\KeyboardForAndroidMsg\KeyboardForAndroidMsg\Debug\link.5096-cvtres.read.1.tlog
C:\Users\windows7\Android-USB\source code\KeyboardForAndroidMsg\KeyboardForAndroidMsg\Debug\link.5096-cvtres.write.1.tlog
C:\Users\windows7\Android-USB\source code\KeyboardForAndroidMsg\KeyboardForAndroidMsg\Debug\link.command.1.tlog
C:\Users\windows7\Android-USB\source code\KeyboardForAndroidMsg\KeyboardForAndroidMsg\Debug\link.read.1.tlog
C:\Users\windows7\Android-USB\source code\KeyboardForAndroidMsg\KeyboardForAndroidMsg\Debug\link.write.1.tlog
C:\Users\windows7\Android-USB\source code\KeyboardForAndroidMsg\KeyboardForAndroidMsg\Debug\link-cvtres.read.1.tlog
C:\Users\windows7\Android-USB\source code\KeyboardForAndroidMsg\KeyboardForAndroidMsg\Debug\link-cvtres.write.1.tlog
C:\Users\windows7\Android-USB\source code\KeyboardForAndroidMsg\KeyboardForAndroidMsg\Debug\mt.command.1.tlog
C:\Users\windows7\Android-USB\source code\KeyboardForAndroidMsg\KeyboardForAndroidMsg\Debug\mt.read.1.tlog
C:\Users\windows7\Android-USB\source code\KeyboardForAndroidMsg\KeyboardForAndroidMsg\Debug\mt.write.1.tlog
C:\Users\windows7\Android-USB\source code\KeyboardForAndroidMsg\KeyboardForAndroidMsg\Debug\rc.command.1.tlog
C:\Users\windows7\Android-USB\source code\KeyboardForAndroidMsg\KeyboardForAndroidMsg\Debug\rc.read.1.tlog
C:\Users\windows7\Android-USB\source code\KeyboardForAndroidMsg\KeyboardForAndroidMsg\Debug\rc.write.1.tlog
C:\USERS\WINDOWS7\ANDROID-USB\SOURCE CODE\KEYBOARDFORANDROIDMSG\KEYBOARDFORANDROIDMSG\DEBUG\STDAFX.OBJ
C:\Users\windows7\Android-USB\source code\KeyboardForAndroidMsg\KeyboardForAndroidMsg\Debug\vc100.idb
C:\USERS\WINDOWS7\ANDROID-USB\SOURCE CODE\KEYBOARDFORANDROIDMSG\KEYBOARDFORANDROIDMSG\DEBUG\VC100.PDB
