C:\Users\windows7\Android-USB\source code\usbip_ui\Debug\usbip_ui.pdb
C:\Users\windows7\Android-USB\source code\usbip_ui\usbip_ui\Debug\cl.command.1.tlog
C:\Users\windows7\Android-USB\source code\usbip_ui\usbip_ui\Debug\CL.read.1.tlog
C:\Users\windows7\Android-USB\source code\usbip_ui\usbip_ui\Debug\CL.write.1.tlog
C:\USERS\WINDOWS7\ANDROID-USB\SOURCE CODE\USBIP_UI\USBIP_UI\DEBUG\DATASOCKET.OBJ
C:\Users\windows7\Android-USB\source code\usbip_ui\usbip_ui\Debug\link.5536.read.1.tlog
C:\Users\windows7\Android-USB\source code\usbip_ui\usbip_ui\Debug\link.5536.write.1.tlog
C:\Users\windows7\Android-USB\source code\usbip_ui\usbip_ui\Debug\link.5536-cvtres.read.1.tlog
C:\Users\windows7\Android-USB\source code\usbip_ui\usbip_ui\Debug\link.5536-cvtres.write.1.tlog
C:\Users\windows7\Android-USB\source code\usbip_ui\usbip_ui\Debug\link.command.1.tlog
C:\Users\windows7\Android-USB\source code\usbip_ui\usbip_ui\Debug\link.read.1.tlog
C:\Users\windows7\Android-USB\source code\usbip_ui\usbip_ui\Debug\link.write.1.tlog
C:\Users\windows7\Android-USB\source code\usbip_ui\usbip_ui\Debug\link-cvtres.read.1.tlog
C:\Users\windows7\Android-USB\source code\usbip_ui\usbip_ui\Debug\link-cvtres.write.1.tlog
C:\Users\windows7\Android-USB\source code\usbip_ui\usbip_ui\Debug\mt.command.1.tlog
C:\Users\windows7\Android-USB\source code\usbip_ui\usbip_ui\Debug\mt.read.1.tlog
C:\Users\windows7\Android-USB\source code\usbip_ui\usbip_ui\Debug\mt.write.1.tlog
C:\Users\windows7\Android-USB\source code\usbip_ui\usbip_ui\Debug\rc.command.1.tlog
C:\Users\windows7\Android-USB\source code\usbip_ui\usbip_ui\Debug\rc.read.1.tlog
C:\Users\windows7\Android-USB\source code\usbip_ui\usbip_ui\Debug\rc.write.1.tlog
C:\USERS\WINDOWS7\ANDROID-USB\SOURCE CODE\USBIP_UI\USBIP_UI\DEBUG\STDAFX.OBJ
C:\USERS\WINDOWS7\ANDROID-USB\SOURCE CODE\USBIP_UI\USBIP_UI\DEBUG\USBIP_UI.EXE.EMBED.MANIFEST
C:\USERS\WINDOWS7\ANDROID-USB\SOURCE CODE\USBIP_UI\USBIP_UI\DEBUG\USBIP_UI.EXE.EMBED.MANIFEST.RES
C:\Users\windows7\Android-USB\source code\usbip_ui\usbip_ui\Debug\usbip_ui.exe.intermediate.manifest
C:\USERS\WINDOWS7\ANDROID-USB\SOURCE CODE\USBIP_UI\USBIP_UI\DEBUG\USBIP_UI.OBJ
C:\USERS\WINDOWS7\ANDROID-USB\SOURCE CODE\USBIP_UI\USBIP_UI\DEBUG\USBIP_UI.PCH
C:\USERS\WINDOWS7\ANDROID-USB\SOURCE CODE\USBIP_UI\USBIP_UI\DEBUG\USBIP_UI.RES
C:\Users\windows7\Android-USB\source code\usbip_ui\usbip_ui\Debug\usbip_ui_manifest.rc
C:\USERS\WINDOWS7\ANDROID-USB\SOURCE CODE\USBIP_UI\USBIP_UI\DEBUG\USBIP_UIDLG.OBJ
C:\Users\windows7\Android-USB\source code\usbip_ui\usbip_ui\Debug\vc100.idb
C:\USERS\WINDOWS7\ANDROID-USB\SOURCE CODE\USBIP_UI\USBIP_UI\DEBUG\VC100.PDB
